<?xml version="1.0" encoding="UTF-8"?>
<!-- Generated by org.testng.reporters.JUnitXMLReporter -->
<testsuite ignored="0" hostname="DESKTOP-74VMEVP" failures="1" tests="13" name="Test(failed)" time="0.369" errors="0" timestamp="2025-06-18T21:49:18 IST">
  <testcase classname="testScript.Base" name="@BeforeMethod initializeBrowser" time="-1.750263557868E9">
    <failure type="org.testng.TestNGException" message="
Parameter &amp;apos;browser&amp;apos; is required by BeforeMethod on method initializeBrowser but has not been marked @Optional or defined
in C:\Users\PRANAV\eclipse-workspace\7rmmartSupermarket\test-output\testng-failed.xml">
      <![CDATA[org.testng.TestNGException: 
Parameter 'browser' is required by BeforeMethod on method initializeBrowser but has not been marked @Optional or defined
in C:\Users\PRANAV\eclipse-workspace\7rmmartSupermarket\test-output\testng-failed.xml
at java.base/java.util.ArrayList.forEach(ArrayList.java:1596)
... Removed 28 stack frames]]>
    </failure>
  </testcase> <!-- @BeforeMethod initializeBrowser -->
  <testcase classname="testScript.Base" name="@BeforeMethod initializeBrowser" time="-1.750263557931E9">
    <failure type="org.testng.TestNGException" message="
Parameter &amp;apos;browser&amp;apos; is required by BeforeMethod on method initializeBrowser but has not been marked @Optional or defined
in C:\Users\PRANAV\eclipse-workspace\7rmmartSupermarket\test-output\testng-failed.xml">
      <![CDATA[org.testng.TestNGException: 
Parameter 'browser' is required by BeforeMethod on method initializeBrowser but has not been marked @Optional or defined
in C:\Users\PRANAV\eclipse-workspace\7rmmartSupermarket\test-output\testng-failed.xml
at java.base/java.util.ArrayList.forEach(ArrayList.java:1596)
... Removed 28 stack frames]]>
    </failure>
  </testcase> <!-- @BeforeMethod initializeBrowser -->
  <testcase classname="testScript.Base" name="@BeforeMethod initializeBrowser" time="-1.750263557957E9">
    <failure type="org.testng.TestNGException" message="
Parameter &amp;apos;browser&amp;apos; is required by BeforeMethod on method initializeBrowser but has not been marked @Optional or defined
in C:\Users\PRANAV\eclipse-workspace\7rmmartSupermarket\test-output\testng-failed.xml">
      <![CDATA[org.testng.TestNGException: 
Parameter 'browser' is required by BeforeMethod on method initializeBrowser but has not been marked @Optional or defined
in C:\Users\PRANAV\eclipse-workspace\7rmmartSupermarket\test-output\testng-failed.xml
at java.base/java.util.ArrayList.forEach(ArrayList.java:1596)
... Removed 28 stack frames]]>
    </failure>
  </testcase> <!-- @BeforeMethod initializeBrowser -->
  <testcase classname="testScript.Base" name="@BeforeMethod initializeBrowser" time="-1.750263557991E9">
    <failure type="org.testng.TestNGException" message="
Parameter &amp;apos;browser&amp;apos; is required by BeforeMethod on method initializeBrowser but has not been marked @Optional or defined
in C:\Users\PRANAV\eclipse-workspace\7rmmartSupermarket\test-output\testng-failed.xml">
      <![CDATA[org.testng.TestNGException: 
Parameter 'browser' is required by BeforeMethod on method initializeBrowser but has not been marked @Optional or defined
in C:\Users\PRANAV\eclipse-workspace\7rmmartSupermarket\test-output\testng-failed.xml
at java.base/java.util.ArrayList.forEach(ArrayList.java:1596)
... Removed 28 stack frames]]>
    </failure>
  </testcase> <!-- @BeforeMethod initializeBrowser -->
  <testcase classname="testScript.Base" name="@BeforeMethod initializeBrowser" time="-1.750263558015E9">
    <failure type="org.testng.TestNGException" message="
Parameter &amp;apos;browser&amp;apos; is required by BeforeMethod on method initializeBrowser but has not been marked @Optional or defined
in C:\Users\PRANAV\eclipse-workspace\7rmmartSupermarket\test-output\testng-failed.xml">
      <![CDATA[org.testng.TestNGException: 
Parameter 'browser' is required by BeforeMethod on method initializeBrowser but has not been marked @Optional or defined
in C:\Users\PRANAV\eclipse-workspace\7rmmartSupermarket\test-output\testng-failed.xml
at java.base/java.util.ArrayList.forEach(ArrayList.java:1596)
... Removed 28 stack frames]]>
    </failure>
  </testcase> <!-- @BeforeMethod initializeBrowser -->
  <testcase classname="testScript.Base" name="@BeforeMethod initializeBrowser" time="-1.750263558043E9">
    <failure type="org.testng.TestNGException" message="
Parameter &amp;apos;browser&amp;apos; is required by BeforeMethod on method initializeBrowser but has not been marked @Optional or defined
in C:\Users\PRANAV\eclipse-workspace\7rmmartSupermarket\test-output\testng-failed.xml">
      <![CDATA[org.testng.TestNGException: 
Parameter 'browser' is required by BeforeMethod on method initializeBrowser but has not been marked @Optional or defined
in C:\Users\PRANAV\eclipse-workspace\7rmmartSupermarket\test-output\testng-failed.xml
at java.base/java.util.ArrayList.forEach(ArrayList.java:1596)
... Removed 28 stack frames]]>
    </failure>
  </testcase> <!-- @BeforeMethod initializeBrowser -->
  <testcase classname="testScript.Base" name="@BeforeMethod initializeBrowser" time="-1.750263558067E9">
    <failure type="org.testng.TestNGException" message="
Parameter &amp;apos;browser&amp;apos; is required by BeforeMethod on method initializeBrowser but has not been marked @Optional or defined
in C:\Users\PRANAV\eclipse-workspace\7rmmartSupermarket\test-output\testng-failed.xml">
      <![CDATA[org.testng.TestNGException: 
Parameter 'browser' is required by BeforeMethod on method initializeBrowser but has not been marked @Optional or defined
in C:\Users\PRANAV\eclipse-workspace\7rmmartSupermarket\test-output\testng-failed.xml
at java.base/java.util.ArrayList.forEach(ArrayList.java:1596)
... Removed 28 stack frames]]>
    </failure>
  </testcase> <!-- @BeforeMethod initializeBrowser -->
  <testcase classname="testScript.Base" name="@BeforeMethod initializeBrowser" time="-1.750263558085E9">
    <failure type="org.testng.TestNGException" message="
Parameter &amp;apos;browser&amp;apos; is required by BeforeMethod on method initializeBrowser but has not been marked @Optional or defined
in C:\Users\PRANAV\eclipse-workspace\7rmmartSupermarket\test-output\testng-failed.xml">
      <![CDATA[org.testng.TestNGException: 
Parameter 'browser' is required by BeforeMethod on method initializeBrowser but has not been marked @Optional or defined
in C:\Users\PRANAV\eclipse-workspace\7rmmartSupermarket\test-output\testng-failed.xml
at java.base/java.util.ArrayList.forEach(ArrayList.java:1596)
... Removed 28 stack frames]]>
    </failure>
  </testcase> <!-- @BeforeMethod initializeBrowser -->
  <testcase classname="testScript.Base" name="@BeforeMethod initializeBrowser" time="-1.750263558119E9">
    <failure type="org.testng.TestNGException" message="
Parameter &amp;apos;browser&amp;apos; is required by BeforeMethod on method initializeBrowser but has not been marked @Optional or defined
in C:\Users\PRANAV\eclipse-workspace\7rmmartSupermarket\test-output\testng-failed.xml">
      <![CDATA[org.testng.TestNGException: 
Parameter 'browser' is required by BeforeMethod on method initializeBrowser but has not been marked @Optional or defined
in C:\Users\PRANAV\eclipse-workspace\7rmmartSupermarket\test-output\testng-failed.xml
at java.base/java.util.ArrayList.forEach(ArrayList.java:1596)
... Removed 28 stack frames]]>
    </failure>
  </testcase> <!-- @BeforeMethod initializeBrowser -->
  <testcase classname="testScript.Base" name="@BeforeMethod initializeBrowser" time="-1.75026355814E9">
    <failure type="org.testng.TestNGException" message="
Parameter &amp;apos;browser&amp;apos; is required by BeforeMethod on method initializeBrowser but has not been marked @Optional or defined
in C:\Users\PRANAV\eclipse-workspace\7rmmartSupermarket\test-output\testng-failed.xml">
      <![CDATA[org.testng.TestNGException: 
Parameter 'browser' is required by BeforeMethod on method initializeBrowser but has not been marked @Optional or defined
in C:\Users\PRANAV\eclipse-workspace\7rmmartSupermarket\test-output\testng-failed.xml
at java.base/java.util.ArrayList.forEach(ArrayList.java:1596)
... Removed 28 stack frames]]>
    </failure>
  </testcase> <!-- @BeforeMethod initializeBrowser -->
  <testcase classname="testScript.Base" name="@BeforeMethod initializeBrowser" time="-1.750263558152E9">
    <failure type="org.testng.TestNGException" message="
Parameter &amp;apos;browser&amp;apos; is required by BeforeMethod on method initializeBrowser but has not been marked @Optional or defined
in C:\Users\PRANAV\eclipse-workspace\7rmmartSupermarket\test-output\testng-failed.xml">
      <![CDATA[org.testng.TestNGException: 
Parameter 'browser' is required by BeforeMethod on method initializeBrowser but has not been marked @Optional or defined
in C:\Users\PRANAV\eclipse-workspace\7rmmartSupermarket\test-output\testng-failed.xml
at java.base/java.util.ArrayList.forEach(ArrayList.java:1596)
... Removed 28 stack frames]]>
    </failure>
  </testcase> <!-- @BeforeMethod initializeBrowser -->
  <testcase classname="testScript.Base" name="@BeforeMethod initializeBrowser" time="-1.75026355817E9">
    <failure type="org.testng.TestNGException" message="
Parameter &amp;apos;browser&amp;apos; is required by BeforeMethod on method initializeBrowser but has not been marked @Optional or defined
in C:\Users\PRANAV\eclipse-workspace\7rmmartSupermarket\test-output\testng-failed.xml">
      <![CDATA[org.testng.TestNGException: 
Parameter 'browser' is required by BeforeMethod on method initializeBrowser but has not been marked @Optional or defined
in C:\Users\PRANAV\eclipse-workspace\7rmmartSupermarket\test-output\testng-failed.xml
at java.base/java.util.ArrayList.forEach(ArrayList.java:1596)
... Removed 28 stack frames]]>
    </failure>
  </testcase> <!-- @BeforeMethod initializeBrowser -->
  <testcase classname="testScript.LoginTest" name="verifyTheUserIsUnableToLoginUsingInvalidUserNameAndValidPassword" time="0.0">
    <skipped/>
  </testcase> <!-- verifyTheUserIsUnableToLoginUsingInvalidUserNameAndValidPassword -->
  <testcase classname="testScript.LoginTest" name="verifyTheUserIsUnableToLoginUsingValidUserNameAndInvalidPassword" time="0.003">
    <skipped/>
  </testcase> <!-- verifyTheUserIsUnableToLoginUsingValidUserNameAndInvalidPassword -->
  <testcase classname="testScript.LoginTest" name="verifyTheUserIsAbleToLoginUsingInvalidCredentials" time="0.0">
    <failure type="org.testng.TestNGException" message="
Method public void testScript.LoginTest.verifyTheUserIsAbleToLoginUsingInvalidCredentials(java.lang.String,java.lang.String) throws java.io.IOException requires a @DataProvider named : LoginProvider">
      <![CDATA[org.testng.TestNGException: 
Method public void testScript.LoginTest.verifyTheUserIsAbleToLoginUsingInvalidCredentials(java.lang.String,java.lang.String) throws java.io.IOException requires a @DataProvider named : LoginProvider
at java.base/java.util.ArrayList.forEach(ArrayList.java:1596)
... Removed 24 stack frames]]>
    </failure>
  </testcase> <!-- verifyTheUserIsAbleToLoginUsingInvalidCredentials -->
  <testcase classname="testScript.LoginTest" name="verifyTheUserIsAbleToLoginUsingValidCredentials" time="0.0">
    <skipped/>
  </testcase> <!-- verifyTheUserIsAbleToLoginUsingValidCredentials -->
  <testcase classname="testScript.ManageContactTest" name="verifyUserIsAbleToEditContact" time="0.0">
    <skipped/>
  </testcase> <!-- verifyUserIsAbleToEditContact -->
  <testcase classname="testScript.ManageContactTest" name="verifyTheUpdateButtonIsDisplayed" time="0.0">
    <skipped/>
  </testcase> <!-- verifyTheUpdateButtonIsDisplayed -->
  <testcase classname="testScript.AdminUserTest" name="verifyTheUserIsAbleToAddAdminUser" time="0.0">
    <skipped/>
  </testcase> <!-- verifyTheUserIsAbleToAddAdminUser -->
  <testcase classname="testScript.ManageFooterTest" name="verifyTheUserIsAbleToManageFooterText" time="0.0">
    <skipped/>
  </testcase> <!-- verifyTheUserIsAbleToManageFooterText -->
  <testcase classname="testScript.ManageFooterTest" name="verifyTheUpdateButtonIsDisplayed" time="0.0">
    <skipped/>
  </testcase> <!-- verifyTheUpdateButtonIsDisplayed -->
  <testcase classname="testScript.ManageNewsTest" name="verifyTheUserIsAbleToAddMangeNews" time="0.0">
    <skipped/>
  </testcase> <!-- verifyTheUserIsAbleToAddMangeNews -->
  <testcase classname="testScript.HomeTest" name="verifyTheUserIsAbleTologOut" time="0.0">
    <skipped/>
  </testcase> <!-- verifyTheUserIsAbleTologOut -->
  <testcase classname="testScript.ManageCategoryTest" name="verifyTheUserIsAbleToDeleteCategory" time="0.0">
    <skipped/>
  </testcase> <!-- verifyTheUserIsAbleToDeleteCategory -->
  <testcase classname="testScript.ManageCategoryTest" name="verifyTheUserIsAbleToAddNewCategory" time="0.0">
    <skipped/>
  </testcase> <!-- verifyTheUserIsAbleToAddNewCategory -->
</testsuite> <!-- Test(failed) -->
